f:\weaii\semestr 5\grafika komputerowa\solarsystem3d\solarsystem3d\debug\vc141.pdb
f:\weaii\semestr 5\grafika komputerowa\solarsystem3d\solarsystem3d\debug\vc141.idb
f:\weaii\semestr 5\grafika komputerowa\solarsystem3d\solarsystem3d\debug\move.obj
f:\weaii\semestr 5\grafika komputerowa\solarsystem3d\solarsystem3d\debug\engine.obj
f:\weaii\semestr 5\grafika komputerowa\solarsystem3d\solarsystem3d\debug\concreteplanet.obj
f:\weaii\semestr 5\grafika komputerowa\solarsystem3d\solarsystem3d\debug\drawsolarsystem.obj
d:\weaii\semestr 5\grafika komputerowa\solarsystem3d\solarsystem3d\debug\vc141.pdb
d:\weaii\semestr 5\grafika komputerowa\solarsystem3d\solarsystem3d\debug\vc141.idb
d:\weaii\semestr 5\grafika komputerowa\solarsystem3d\solarsystem3d\debug\move.obj
d:\weaii\semestr 5\grafika komputerowa\solarsystem3d\solarsystem3d\debug\drawsolarsystem.obj
f:\weaii\semestr 5\grafika komputerowa\solarsystem3d\debug\solarsystem3d.exe
f:\weaii\semestr 5\grafika komputerowa\solarsystem3d\debug\solarsystem3d.ilk
f:\weaii\semestr 5\grafika komputerowa\solarsystem3d\debug\solarsystem3d.pdb
d:\weaii\semestr 5\grafika komputerowa\solarsystem3d\solarsystem3d\debug\concreteplanet.obj
d:\weaii\semestr 5\grafika komputerowa\solarsystem3d\solarsystem3d\debug\engine.obj
d:\weaii\semestr 5\grafika komputerowa\solarsystem3d\debug\solarsystem3d.pdb
d:\weaii\semestr 5\grafika komputerowa\solarsystem3d\debug\solarsystem3d.exe
d:\weaii\semestr 5\grafika komputerowa\solarsystem3d\debug\solarsystem3d.ilk
d:\weaii\semestr 5\grafika komputerowa\solarsystem3d\solarsystem3d\debug\solarsystem3d.tlog\cl.command.1.tlog
d:\weaii\semestr 5\grafika komputerowa\solarsystem3d\solarsystem3d\debug\solarsystem3d.tlog\cl.read.1.tlog
d:\weaii\semestr 5\grafika komputerowa\solarsystem3d\solarsystem3d\debug\solarsystem3d.tlog\cl.write.1.tlog
d:\weaii\semestr 5\grafika komputerowa\solarsystem3d\solarsystem3d\debug\solarsystem3d.tlog\link.command.1.tlog
d:\weaii\semestr 5\grafika komputerowa\solarsystem3d\solarsystem3d\debug\solarsystem3d.tlog\link.read.1.tlog
d:\weaii\semestr 5\grafika komputerowa\solarsystem3d\solarsystem3d\debug\solarsystem3d.tlog\link.write.1.tlog
